<?xml version="1.0" encoding="UTF-8"?>
<testsuite xmlns:xsi="http://www.w3.org/2001/XMLSchema-instance" xsi:noNamespaceSchemaLocation="https://maven.apache.org/surefire/maven-surefire-plugin/xsd/surefire-test-report-3.0.xsd" version="3.0" name="com.example.demo.repository.UserRepositoryTest" time="3.757" tests="2" errors="0" skipped="0" failures="0">
  <properties>
[...]
</properties>
  <testcase name="testFindAllWithOrders" classname="com.example.demo.repository.UserRepositoryTest" time="0.328">
    <system-out><![CDATA[01:34:26.873 [main] INFO org.springframework.test.context.support.AnnotationConfigContextLoaderUtils -- Could not detect default configuration classes for test class [com.example.demo.repository.UserRepositoryTest]: UserRepositoryTest does not declare any static, non-private, non-final, nested classes annotated with @Configuration.
01:34:26.929 [main] INFO org.springframework.boot.test.context.SpringBootTestContextBootstrapper -- Found @SpringBootConfiguration com.example.demo.DemoApplication for test class com.example.demo.repository.UserRepositoryTest
  .   ____          _            __ _ _
 /\\ / ___'_ __ _ _(_)_ __  __ _ \ \ \ \
( ( )\___ | '_ | '_| | '_ \/ _` | \ \ \ \
 \\/  ___)| |_)| | | | | || (_| |  ) ) ) )
  '  |____| .__|_| |_|_| |_\__, | / / / /
 =========|_|==============|___/=/_/_/_/

 :: Spring Boot ::                (v3.3.0)

2025-06-16T01:34:27.140+07:00  INFO 64965 --- [           main] c.e.demo.repository.UserRepositoryTest   : Starting UserRepositoryTest using Java 17.0.13 with PID 64965 (started by ahmad in /Users/ahmad/Data/Projects/learning/spring-java-pitfalls-demo)
2025-06-16T01:34:27.140+07:00  INFO 64965 --- [           main] c.e.demo.repository.UserRepositoryTest   : The following 1 profile is active: "dev"
2025-06-16T01:34:27.558+07:00  INFO 64965 --- [           main] .s.d.r.c.RepositoryConfigurationDelegate : Bootstrapping Spring Data JPA repositories in DEFAULT mode.
2025-06-16T01:34:27.584+07:00  INFO 64965 --- [           main] .s.d.r.c.RepositoryConfigurationDelegate : Finished Spring Data repository scanning in 21 ms. Found 2 JPA repository interfaces.
2025-06-16T01:34:28.793+07:00  INFO 64965 --- [           main] o.hibernate.jpa.internal.util.LogHelper  : HHH000204: Processing PersistenceUnitInfo [name: default]
2025-06-16T01:34:28.825+07:00  INFO 64965 --- [           main] org.hibernate.Version                    : HHH000412: Hibernate ORM core version 6.5.2.Final
2025-06-16T01:34:28.846+07:00  INFO 64965 --- [           main] o.h.c.internal.RegionFactoryInitiator    : HHH000026: Second-level cache disabled
2025-06-16T01:34:29.055+07:00  INFO 64965 --- [           main] o.s.o.j.p.SpringPersistenceUnitInfo      : No LoadTimeWeaver setup: ignoring JPA class transformer
2025-06-16T01:34:29.065+07:00  INFO 64965 --- [           main] com.zaxxer.hikari.HikariDataSource       : HikariPool-1 - Starting...
2025-06-16T01:34:29.138+07:00  INFO 64965 --- [           main] com.zaxxer.hikari.pool.HikariPool        : HikariPool-1 - Added connection conn0: url=jdbc:h2:mem:testdb user=SA
2025-06-16T01:34:29.139+07:00  INFO 64965 --- [           main] com.zaxxer.hikari.HikariDataSource       : HikariPool-1 - Start completed.
2025-06-16T01:34:29.151+07:00  WARN 64965 --- [           main] org.hibernate.orm.deprecation            : HHH90000025: H2Dialect does not need to be specified explicitly using 'hibernate.dialect' (remove the property setting and it will be selected by default)
2025-06-16T01:34:29.611+07:00  INFO 64965 --- [           main] o.h.e.t.j.p.i.JtaPlatformInitiator       : HHH000489: No JTA platform available (set 'hibernate.transaction.jta.platform' to enable JTA platform integration)
Hibernate: 
    drop table if exists orders cascade 
Hibernate: 
    drop table if exists users cascade 
Hibernate: 
    drop sequence if exists orders_seq
Hibernate: 
    drop sequence if exists users_seq
Hibernate: 
    create sequence orders_seq start with 1 increment by 50
Hibernate: 
    create sequence users_seq start with 1 increment by 50
Hibernate: 
    create table orders (
        id bigint not null,
        user_id bigint,
        product varchar(255),
        primary key (id)
    )
Hibernate: 
    create table users (
        id bigint not null,
        name varchar(255),
        primary key (id)
    )
Hibernate: 
    alter table if exists orders 
       add constraint FK32ql8ubntj5uh44ph9659tiih 
       foreign key (user_id) 
       references users
2025-06-16T01:34:29.630+07:00  INFO 64965 --- [           main] j.LocalContainerEntityManagerFactoryBean : Initialized JPA EntityManagerFactory for persistence unit 'default'
2025-06-16T01:34:29.728+07:00  INFO 64965 --- [           main] o.s.d.j.r.query.QueryEnhancerFactory     : Hibernate is in classpath; If applicable, HQL parser will be used.
2025-06-16T01:34:29.977+07:00  WARN 64965 --- [           main] JpaBaseConfiguration$JpaWebConfiguration : spring.jpa.open-in-view is enabled by default. Therefore, database queries may be performed during view rendering. Explicitly configure spring.jpa.open-in-view to disable this warning
2025-06-16T01:34:30.139+07:00  INFO 64965 --- [           main] o.s.b.a.h2.H2ConsoleAutoConfiguration    : H2 console available at '/h2-console'. Database available at 'jdbc:h2:mem:testdb'
2025-06-16T01:34:30.162+07:00  INFO 64965 --- [           main] c.e.demo.repository.UserRepositoryTest   : Started UserRepositoryTest in 3.17 seconds (process running for 3.627)
Hibernate: 
    select
        next value for users_seq
Hibernate: 
    insert 
    into
        users
        (name, id) 
    values
        (?, ?)
Hibernate: 
    select
        next value for users_seq
Hibernate: 
    insert 
    into
        users
        (name, id) 
    values
        (?, ?)
Hibernate: 
    insert 
    into
        users
        (name, id) 
    values
        (?, ?)
Hibernate: 
    select
        next value for orders_seq
Hibernate: 
    insert 
    into
        orders
        (product, user_id, id) 
    values
        (?, ?, ?)
Hibernate: 
    select
        next value for orders_seq
Hibernate: 
    insert 
    into
        orders
        (product, user_id, id) 
    values
        (?, ?, ?)
Hibernate: 
    insert 
    into
        orders
        (product, user_id, id) 
    values
        (?, ?, ?)
Hibernate: 
    insert 
    into
        orders
        (product, user_id, id) 
    values
        (?, ?, ?)
Hibernate: 
    insert 
    into
        orders
        (product, user_id, id) 
    values
        (?, ?, ?)
Sample data initialized!
Hibernate: 
    select
        u1_0.id,
        u1_0.name,
        o1_0.user_id,
        o1_0.id,
        o1_0.product 
    from
        users u1_0 
    left join
        orders o1_0 
            on u1_0.id=o1_0.user_id
]]></system-out>
  </testcase>
  <testcase name="testFindAllN1Problem" classname="com.example.demo.repository.UserRepositoryTest" time="0.009">
    <system-out><![CDATA[Hibernate: 
    select
        u1_0.id,
        u1_0.name 
    from
        users u1_0
]]></system-out>
  </testcase>
</testsuite>